<?xml version="1.0" encoding="UTF-8"?>
<!-- Generated by org.testng.reporters.JUnitReportReporter -->
<testsuite hostname="GLOVE" name="practiceproject.allurepracticeTest" tests="1" failures="0" timestamp="29 Jul 2022 05:07:20 GMT" time="0.047" errors="0">
  <testcase name="test" time="0.047" classname="practiceproject.allurepracticeTest"/>
</testsuite> <!-- practiceproject.allurepracticeTest -->
